<?xml version="1.0" encoding="UTF-8"?>
<testng-results ignored="0" total="4" passed="4" failed="0" skipped="0">
  <reporter-output>
  </reporter-output>
  <suite started-at="2024-12-22T05:17:01 SAST" name="Default suite" finished-at="2024-12-22T05:19:40 SAST" duration-ms="158572">
    <groups>
    </groups>
    <test started-at="2024-12-22T05:17:01 SAST" name="Default test" finished-at="2024-12-22T05:19:40 SAST" duration-ms="158572">
      <class name="za.co.flash.application.testScripts.TC01HomeLanding">
        <test-method is-config="true" signature="start()[pri:0, instance:za.co.flash.application.testScripts.TC01HomeLanding@707194ba]" started-at="2024-12-22T05:17:01 SAST" name="start" finished-at="2024-12-22T05:17:20 SAST" duration-ms="18437" status="PASS">
          <reporter-output>
          </reporter-output>
        </test-method> <!-- start -->
        <test-method signature="run1()[pri:1, instance:za.co.flash.application.testScripts.TC01HomeLanding@707194ba]" started-at="2024-12-22T05:17:20 SAST" name="run1" finished-at="2024-12-22T05:17:27 SAST" duration-ms="6849" status="PASS">
          <reporter-output>
          </reporter-output>
        </test-method> <!-- run1 -->
        <test-method signature="runT2()[pri:2, instance:za.co.flash.application.testScripts.TC01HomeLanding@707194ba]" started-at="2024-12-22T05:17:27 SAST" name="runT2" finished-at="2024-12-22T05:18:37 SAST" duration-ms="70265" status="PASS">
          <reporter-output>
          </reporter-output>
        </test-method> <!-- runT2 -->
        <test-method signature="runT3()[pri:3, instance:za.co.flash.application.testScripts.TC01HomeLanding@707194ba]" started-at="2024-12-22T05:18:37 SAST" name="runT3" finished-at="2024-12-22T05:19:29 SAST" duration-ms="51921" status="PASS">
          <reporter-output>
          </reporter-output>
        </test-method> <!-- runT3 -->
        <test-method signature="runT4()[pri:4, instance:za.co.flash.application.testScripts.TC01HomeLanding@707194ba]" started-at="2024-12-22T05:19:29 SAST" name="runT4" finished-at="2024-12-22T05:19:39 SAST" duration-ms="10699" status="PASS">
          <reporter-output>
          </reporter-output>
        </test-method> <!-- runT4 -->
        <test-method is-config="true" signature="tearDown()[pri:0, instance:za.co.flash.application.testScripts.TC01HomeLanding@707194ba]" started-at="2024-12-22T05:19:39 SAST" name="tearDown" finished-at="2024-12-22T05:19:40 SAST" duration-ms="367" status="PASS">
          <reporter-output>
          </reporter-output>
        </test-method> <!-- tearDown -->
      </class> <!-- za.co.flash.application.testScripts.TC01HomeLanding -->
    </test> <!-- Default test -->
  </suite> <!-- Default suite -->
</testng-results>
